[debug] [2025-09-20T08:02:13.837Z] ----------------------------------------------------------------------
[debug] [2025-09-20T08:02:13.841Z] Command:       /nix/store/ws50yvm6vzlzf7jzz6n7xh4szddrack1-nodejs-20.19.1/bin/node /nix/store/wma3rvxxva78rqvnpja82nx5b3mclpxg-firebase-tools-14.15.2/lib/node_modules/firebase-tools/lib/bin/firebase.js init hosting:github
[debug] [2025-09-20T08:02:13.842Z] CLI Version:   14.15.2
[debug] [2025-09-20T08:02:13.842Z] Platform:      linux
[debug] [2025-09-20T08:02:13.842Z] Node Version:  v20.19.1
[debug] [2025-09-20T08:02:13.843Z] Time:          Sat Sep 20 2025 08:02:13 GMT+0000 (Coordinated Universal Time)
[debug] [2025-09-20T08:02:13.843Z] ----------------------------------------------------------------------
[debug] 
[debug] [2025-09-20T08:02:14.388Z] No OAuth tokens found
[debug] [2025-09-20T08:02:14.389Z] No OAuth tokens found
[error] Failed to fetch Firebase Project from current Studio Workspace: Unable to refresh auth: not yet authenticated.
[debug] [2025-09-20T08:02:14.395Z] > command requires scopes: ["email","openid","https://www.googleapis.com/auth/cloudplatformprojects.readonly","https://www.googleapis.com/auth/firebase","https://www.googleapis.com/auth/cloud-platform","https://www.googleapis.com/auth/userinfo.email"]
[debug] [2025-09-20T08:02:14.396Z] > authorizing via signed-in user (ehernandez@urologik.com)
[info] 
     ######## #### ########  ######## ########     ###     ######  ########
     ##        ##  ##     ## ##       ##     ##  ##   ##  ##       ##
     ######    ##  ########  ######   ########  #########  ######  ######
     ##        ##  ##    ##  ##       ##     ## ##     ##       ## ##
     ##       #### ##     ## ######## ########  ##     ##  ######  ########

You're about to initialize a Firebase project in this directory:

  /home/user/urlgk-website

Before we get started, keep in mind:

  * You are initializing within an existing Firebase project directory

[info] 
=== Project Setup
[info] 
[info] First, let's associate this project directory with a Firebase project.
[info] You can create multiple project aliases by running firebase use --add, 
[info] but for now we'll just set up a default project.
[info] 
[debug] [2025-09-20T08:02:14.401Z] Using project from CLI flag: urologik-mainwebsite
[debug] [2025-09-20T08:02:14.402Z] No OAuth tokens found
[debug] [2025-09-20T08:02:14.402Z] No OAuth tokens found
[debug] [2025-09-20T08:02:14.402Z] > command requires scopes: ["email","openid","https://www.googleapis.com/auth/cloudplatformprojects.readonly","https://www.googleapis.com/auth/firebase","https://www.googleapis.com/auth/cloud-platform","https://www.googleapis.com/auth/userinfo.email"]
[debug] [2025-09-20T08:02:14.403Z] > authorizing via signed-in user (ehernandez@urologik.com)
[debug] [2025-09-20T08:02:14.406Z] >>> [apiv2][query] GET https://firebase.googleapis.com/v1beta1/projects/urologik-mainwebsite [none]
[debug] [2025-09-20T08:02:14.751Z] <<< [apiv2][status] GET https://firebase.googleapis.com/v1beta1/projects/urologik-mainwebsite 200
[debug] [2025-09-20T08:02:14.753Z] <<< [apiv2][body] GET https://firebase.googleapis.com/v1beta1/projects/urologik-mainwebsite {"projectId":"urologik-mainwebsite","projectNumber":"932618280198","displayName":"urologik-mainwebsite","name":"projects/urologik-mainwebsite","resources":{"hostingSite":"urologik-mainwebsite"},"state":"ACTIVE","etag":"1_7d1a8f03-6e18-493a-b213-d752ceb2e471"}
[info] i  Using project urologik-mainwebsite (urologik-mainwebsite) 
[info] 
=== Hosting:github Setup
[info] 
[info] i  Detected a .git folder at /home/user/urlgk-website 
[info] i  Authorizing with GitHub to upload your service account to a GitHub repository's secrets store. 
[info] 
[info] Visit this URL on this device to log in:
[info] https://github.com/login/oauth/authorize?client_id=89cf50f02ac6aaed3484&state=1041255526&redirect_uri=http%3A%2F%2Flocalhost%3A9005&scope=read%3Auser%20repo%20public_repo
[info] 
[info] Waiting for authentication...
